2018-01-30 15:19:39 - PHP Warning:  unlink(C:/xampp/htdocs/op1/system/storage/cache/cache.catalog.language.1517322267): No such file or directory in C:\xampp\htdocs\op1\system\library\cache\file.php on line 17
2018-01-30 15:19:39 - PHP Warning:  unlink(C:/xampp/htdocs/op1/system/storage/cache/cache.catalog.language.1517322267): No such file or directory in C:\xampp\htdocs\op1\system\library\cache\file.php on line 17
2018-01-30 15:19:39 - PHP Warning:  unlink(C:/xampp/htdocs/op1/system/storage/cache/cache.currency.1517322245): No such file or directory in C:\xampp\htdocs\op1\system\library\cache\file.php on line 17
2018-01-30 15:19:39 - PHP Warning:  unlink(C:/xampp/htdocs/op1/system/storage/cache/cache.catalog.language.1517322267): No such file or directory in C:\xampp\htdocs\op1\system\library\cache\file.php on line 17
2018-01-30 15:19:40 - PHP Warning:  unlink(C:/xampp/htdocs/op1/system/storage/cache/cache.catalog.language.1517329180): No such file or directory in C:\xampp\htdocs\op1\system\library\cache\file.php on line 68
2018-01-30 15:19:40 - PHP Warning:  unlink(C:/xampp/htdocs/op1/system/storage/cache/cache.catalog.language.1517329180): No such file or directory in C:\xampp\htdocs\op1\system\library\cache\file.php on line 68
2018-01-30 15:19:40 - PHP Warning:  unlink(C:/xampp/htdocs/op1/system/storage/cache/cache.currency.1517329180): No such file or directory in C:\xampp\htdocs\op1\system\library\cache\file.php on line 68
2018-01-30 15:19:40 - PHP Warning:  fopen(C:/xampp/htdocs/op1/system/storage/cache/cache.currency.1517329180): failed to open stream: Permission denied in C:\xampp\htdocs\op1\system\library\cache\file.php on line 49
2018-01-30 15:19:40 - PHP Warning:  unlink(C:/xampp/htdocs/op1/system/storage/cache/cache.currency.1517329180): No such file or directory in C:\xampp\htdocs\op1\system\library\cache\file.php on line 68
2018-01-30 15:19:40 - PHP Warning:  flock() expects parameter 1 to be resource, boolean given in C:\xampp\htdocs\op1\system\library\cache\file.php on line 51
2018-01-30 15:19:40 - PHP Warning:  fwrite() expects parameter 1 to be resource, boolean given in C:\xampp\htdocs\op1\system\library\cache\file.php on line 53
2018-01-30 15:19:40 - PHP Warning:  fflush() expects parameter 1 to be resource, boolean given in C:\xampp\htdocs\op1\system\library\cache\file.php on line 55
2018-01-30 15:19:40 - PHP Warning:  flock() expects parameter 1 to be resource, boolean given in C:\xampp\htdocs\op1\system\library\cache\file.php on line 57
2018-01-30 15:19:40 - PHP Warning:  fclose() expects parameter 1 to be resource, boolean given in C:\xampp\htdocs\op1\system\library\cache\file.php on line 59
2018-02-27 8:38:03 - PHP Warning:  mail(): Failed to connect to mailserver at &quot;localhost&quot; port 25, verify your &quot;SMTP&quot; and &quot;smtp_port&quot; setting in php.ini or use ini_set() in C:\xampp\htdocs\op1\system\library\mail\mail.php on line 77
2018-02-27 8:38:04 - PHP Warning:  mail(): Failed to connect to mailserver at &quot;localhost&quot; port 25, verify your &quot;SMTP&quot; and &quot;smtp_port&quot; setting in php.ini or use ini_set() in C:\xampp\htdocs\op1\system\library\mail\mail.php on line 77
2018-03-05 10:09:26 - PHP Warning:  mail(): Failed to connect to mailserver at &quot;localhost&quot; port 25, verify your &quot;SMTP&quot; and &quot;smtp_port&quot; setting in php.ini or use ini_set() in C:\xampp\htdocs\op1\system\library\mail\mail.php on line 77
2018-03-05 10:09:27 - PHP Warning:  mail(): Failed to connect to mailserver at &quot;localhost&quot; port 25, verify your &quot;SMTP&quot; and &quot;smtp_port&quot; setting in php.ini or use ini_set() in C:\xampp\htdocs\op1\system\library\mail\mail.php on line 77
2018-03-09 6:16:34 - PHP Warning:  mail(): Failed to connect to mailserver at &quot;localhost&quot; port 25, verify your &quot;SMTP&quot; and &quot;smtp_port&quot; setting in php.ini or use ini_set() in C:\xampp\htdocs\op1\system\library\mail\mail.php on line 77
2018-03-09 6:16:35 - PHP Warning:  mail(): Failed to connect to mailserver at &quot;localhost&quot; port 25, verify your &quot;SMTP&quot; and &quot;smtp_port&quot; setting in php.ini or use ini_set() in C:\xampp\htdocs\op1\system\library\mail\mail.php on line 77
2018-03-09 6:20:35 - PHP Warning:  unlink(C:/xampp/htdocs/op1/system/storage/cache/cache.catalog.language.1520580035): Resource temporarily unavailable in C:\xampp\htdocs\op1\system\library\cache\file.php on line 68
2018-03-09 6:21:13 - PHP Warning:  mail(): Failed to connect to mailserver at &quot;localhost&quot; port 25, verify your &quot;SMTP&quot; and &quot;smtp_port&quot; setting in php.ini or use ini_set() in C:\xampp\htdocs\op1\system\library\mail\mail.php on line 77
2018-03-09 6:21:14 - PHP Warning:  mail(): Failed to connect to mailserver at &quot;localhost&quot; port 25, verify your &quot;SMTP&quot; and &quot;smtp_port&quot; setting in php.ini or use ini_set() in C:\xampp\htdocs\op1\system\library\mail\mail.php on line 77
2018-03-17 3:50:24 - PHP Warning:  unlink(C:/xampp/htdocs/op1/system/storage/cache/cache.catalog.language.1521116818): No such file or directory in C:\xampp\htdocs\op1\system\library\cache\file.php on line 17
2018-03-17 4:47:59 - PHP Warning:  mail(): Failed to connect to mailserver at &quot;localhost&quot; port 25, verify your &quot;SMTP&quot; and &quot;smtp_port&quot; setting in php.ini or use ini_set() in C:\xampp\htdocs\op1\system\library\mail\mail.php on line 77
2018-03-17 4:49:17 - PHP Warning:  mail(): Failed to connect to mailserver at &quot;localhost&quot; port 25, verify your &quot;SMTP&quot; and &quot;smtp_port&quot; setting in php.ini or use ini_set() in C:\xampp\htdocs\op1\system\library\mail\mail.php on line 77
2018-03-17 4:49:18 - PHP Warning:  mail(): Failed to connect to mailserver at &quot;localhost&quot; port 25, verify your &quot;SMTP&quot; and &quot;smtp_port&quot; setting in php.ini or use ini_set() in C:\xampp\htdocs\op1\system\library\mail\mail.php on line 77
2018-04-01 20:14:28 - PHP Warning:  unlink(C:/xampp/htdocs/op1/system/storage/cache/cache.country.catalog.1522613469): No such file or directory in C:\xampp\htdocs\op1\system\library\cache\file.php on line 17
2018-04-02 5:42:55 - PHP Warning:  mail(): Failed to connect to mailserver at &quot;localhost&quot; port 25, verify your &quot;SMTP&quot; and &quot;smtp_port&quot; setting in php.ini or use ini_set() in C:\xampp\htdocs\op1\system\library\mail\mail.php on line 77
2018-04-02 5:42:56 - PHP Warning:  mail(): Failed to connect to mailserver at &quot;localhost&quot; port 25, verify your &quot;SMTP&quot; and &quot;smtp_port&quot; setting in php.ini or use ini_set() in C:\xampp\htdocs\op1\system\library\mail\mail.php on line 77
2018-04-02 5:44:36 - PHP Warning:  mail(): Failed to connect to mailserver at &quot;localhost&quot; port 25, verify your &quot;SMTP&quot; and &quot;smtp_port&quot; setting in php.ini or use ini_set() in C:\xampp\htdocs\op1\system\library\mail\mail.php on line 77
2018-04-02 5:44:37 - PHP Warning:  mail(): Failed to connect to mailserver at &quot;localhost&quot; port 25, verify your &quot;SMTP&quot; and &quot;smtp_port&quot; setting in php.ini or use ini_set() in C:\xampp\htdocs\op1\system\library\mail\mail.php on line 77
2018-04-02 5:49:28 - PHP Warning:  mail(): Failed to connect to mailserver at &quot;localhost&quot; port 25, verify your &quot;SMTP&quot; and &quot;smtp_port&quot; setting in php.ini or use ini_set() in C:\xampp\htdocs\op1\system\library\mail\mail.php on line 77
2018-04-02 5:49:29 - PHP Warning:  mail(): Failed to connect to mailserver at &quot;localhost&quot; port 25, verify your &quot;SMTP&quot; and &quot;smtp_port&quot; setting in php.ini or use ini_set() in C:\xampp\htdocs\op1\system\library\mail\mail.php on line 77
2018-04-02 6:11:34 - PHP Warning:  mail(): Failed to connect to mailserver at &quot;localhost&quot; port 25, verify your &quot;SMTP&quot; and &quot;smtp_port&quot; setting in php.ini or use ini_set() in C:\xampp\htdocs\op1\system\library\mail\mail.php on line 77
2018-04-02 6:11:38 - PHP Warning:  mail(): Failed to connect to mailserver at &quot;localhost&quot; port 25, verify your &quot;SMTP&quot; and &quot;smtp_port&quot; setting in php.ini or use ini_set() in C:\xampp\htdocs\op1\system\library\mail\mail.php on line 77
2018-04-02 6:11:51 - PHP Warning:  mail(): Failed to connect to mailserver at &quot;localhost&quot; port 25, verify your &quot;SMTP&quot; and &quot;smtp_port&quot; setting in php.ini or use ini_set() in C:\xampp\htdocs\op1\system\library\mail\mail.php on line 77
2018-04-02 7:31:22 - PHP Warning:  mail(): Failed to connect to mailserver at &quot;localhost&quot; port 25, verify your &quot;SMTP&quot; and &quot;smtp_port&quot; setting in php.ini or use ini_set() in C:\xampp\htdocs\op1\system\library\mail\mail.php on line 77
2018-04-02 7:31:23 - PHP Warning:  mail(): Failed to connect to mailserver at &quot;localhost&quot; port 25, verify your &quot;SMTP&quot; and &quot;smtp_port&quot; setting in php.ini or use ini_set() in C:\xampp\htdocs\op1\system\library\mail\mail.php on line 77
2018-04-02 8:54:42 - PHP Warning:  mail(): Failed to connect to mailserver at &quot;localhost&quot; port 25, verify your &quot;SMTP&quot; and &quot;smtp_port&quot; setting in php.ini or use ini_set() in C:\xampp\htdocs\op1\system\library\mail\mail.php on line 77
2018-04-02 8:54:43 - PHP Warning:  mail(): Failed to connect to mailserver at &quot;localhost&quot; port 25, verify your &quot;SMTP&quot; and &quot;smtp_port&quot; setting in php.ini or use ini_set() in C:\xampp\htdocs\op1\system\library\mail\mail.php on line 77
2019-03-05 12:06:20 - PHP Warning:  mail(): Failed to connect to mailserver at &quot;localhost&quot; port 25, verify your &quot;SMTP&quot; and &quot;smtp_port&quot; setting in php.ini or use ini_set() in C:\xampp\htdocs\op1\system\library\mail\mail.php on line 77
2019-03-05 12:09:14 - PHP Warning:  mail(): Failed to connect to mailserver at &quot;localhost&quot; port 25, verify your &quot;SMTP&quot; and &quot;smtp_port&quot; setting in php.ini or use ini_set() in C:\xampp\htdocs\op1\system\library\mail\mail.php on line 77
2020-04-04 13:54:08 - PHP Warning:  mail(): Failed to connect to mailserver at &quot;localhost&quot; port 25, verify your &quot;SMTP&quot; and &quot;smtp_port&quot; setting in php.ini or use ini_set() in C:\xampp\htdocs\op1\system\library\mail\mail.php on line 77
2020-04-04 17:26:32 - PHP Warning:  mail(): Failed to connect to mailserver at &quot;localhost&quot; port 25, verify your &quot;SMTP&quot; and &quot;smtp_port&quot; setting in php.ini or use ini_set() in C:\xampp\htdocs\op1\system\library\mail\mail.php on line 77
